<?xml version="1.0" encoding="UTF-8"?>
<!-- Generated by org.testng.reporters.JUnitReportReporter -->
<testsuite hostname="LAPTOP-2K509544" failures="0" tests="3" name="com.FreeCRM.testcases.LoginPageTest" time="36.712" errors="0" timestamp="13 Feb 2021 19:25:59 GMT">
  <testcase classname="com.FreeCRM.testcases.LoginPageTest" name="Loginpage" time="11.507"/>
  <testcase classname="com.FreeCRM.testcases.LoginPageTest" name="LoginVaild" time="17.340"/>
  <testcase classname="com.FreeCRM.testcases.LoginPageTest" name="titleTest" time="7.865"/>
</testsuite> <!-- com.FreeCRM.testcases.LoginPageTest -->
