<?xml version="1.0" encoding="UTF-8"?>
<!-- Generated by org.testng.reporters.JUnitReportReporter -->
<testsuite hostname="LAPTOP-2K509544" failures="0" tests="4" name="com.FreeCRM.testcases.HomePage" time="65.919" errors="0" timestamp="13 Feb 2021 19:25:59 GMT">
  <testcase classname="com.FreeCRM.testcases.HomePage" name="DealsTab" time="17.667"/>
  <testcase classname="com.FreeCRM.testcases.HomePage" name="LoginCheck" time="16.382"/>
  <testcase classname="com.FreeCRM.testcases.HomePage" name="ContactsTab" time="15.706"/>
  <testcase classname="com.FreeCRM.testcases.HomePage" name="TasksTab" time="16.164"/>
</testsuite> <!-- com.FreeCRM.testcases.HomePage -->
