<?xml version="1.0" encoding="UTF-8"?>
<!-- Generated by org.testng.reporters.JUnitReportReporter -->
<testsuite hostname="LAPTOP-2K509544" failures="0" tests="4" name="com.FreeCRM.testcases.ContactTestPage" time="78.671" errors="0" timestamp="13 Feb 2021 19:25:59 GMT">
  <testcase classname="com.FreeCRM.testcases.ContactTestPage" name="NewContact" time="22.281"/>
  <testcase classname="com.FreeCRM.testcases.ContactTestPage" name="NewContact" time="20.266"/>
  <testcase classname="com.FreeCRM.testcases.ContactTestPage" name="NewContact" time="17.902"/>
  <testcase classname="com.FreeCRM.testcases.ContactTestPage" name="NewContact" time="18.222"/>
</testsuite> <!-- com.FreeCRM.testcases.ContactTestPage -->
