<?xml version="1.0" encoding="UTF-8"?>
<!-- Generated by org.testng.reporters.JUnitReportReporter -->
<testsuite hostname="LAPTOP-2K509544" failures="0" tests="1" name="FreeCRMApp.FreeCRMApp.App" time="8.381" errors="0" timestamp="13 Feb 2021 18:46:06 GMT">
  <testcase classname="FreeCRMApp.FreeCRMApp.App" name="setup" time="8.381"/>
</testsuite> <!-- FreeCRMApp.FreeCRMApp.App -->
